make all --print-data-base --no-builtin-variables --no-builtin-rules --question
make: *** No rule to make target 'all'.  Stop.

# GNU Make 4.2.1
# Built for x86_64-pc-linux-gnu
# Copyright (C) 1988-2016 Free Software Foundation, Inc.
# License GPLv3+: GNU GPL version 3 or later <http://gnu.org/licenses/gpl.html>
# This is free software: you are free to change and redistribute it.
# There is NO WARRANTY, to the extent permitted by law.

# Make data base, printed on Wed May 11 13:16:24 2022

# Variables

# automatic
<D = $(patsubst %/,%,$(dir $<))
# automatic
?F = $(notdir $?)
# default
.SHELLFLAGS := -c
# environment
XDG_SESSION_CLASS = user
# environment
VSCODE_AGENT_FOLDER = /home/n7utb/.vscode-server
# environment
XDG_SESSION_TYPE = tty
# environment
VSCODE_LOG_NATIVE = false
# automatic
?D = $(patsubst %/,%,$(dir $?))
# automatic
@D = $(patsubst %/,%,$(dir $@))
# automatic
@F = $(notdir $@)
# default
MAKE_VERSION := 4.2.1
# makefile
CURDIR := /home/n7utb/perpetual-motion-machine/template
# makefile
SHELL = /bin/sh
# environment
VSCODE_NLS_CONFIG = {"locale":"zh-cn","availableLanguages":{"*":"zh-cn"},"_languagePackId":"a78078f10f99ab7adc9063c14c25e7ae.zh-cn","_translationsConfigFile":"/home/n7utb/.vscode-server/data/clp/a78078f10f99ab7adc9063c14c25e7ae.zh-cn/tcf.json","_cacheRoot":"/home/n7utb/.vscode-server/data/clp/a78078f10f99ab7adc9063c14c25e7ae.zh-cn","_resolvedLanguagePackCoreLocation":"/home/n7utb/.vscode-server/data/clp/a78078f10f99ab7adc9063c14c25e7ae.zh-cn/57fd6d0195bb9b9d1b49f6da5db789060795de47","_corruptedFile":"/home/n7utb/.vscode-server/data/clp/a78078f10f99ab7adc9063c14c25e7ae.zh-cn/corrupted.info","_languagePackSupport":true}
# environment
_ = /usr/bin/make
# makefile (from 'makefile', line 1)
MAKEFILE_LIST :=  makefile
# 'override' directive
GNUMAKEFLAGS := 
# makefile (from 'makefile', line 6)
CXXFLAGS = -Wall -fPIC -I $(INCLUDEDIR)
# environment
DBUS_SESSION_BUS_ADDRESS = unix:path=/run/user/1002/bus
# environment
VSCODE_VERBOSE_LOGGING = true
# makefile (from 'makefile', line 8)
OBJS = src/main.o src/utils.o src/y.tab.o src/lex.yy.o
# environment
LESSOPEN = | /usr/bin/lesspipe %s
# environment
VSCODE_CWD = /home/n7utb
# environment
SSH_CONNECTION = 39.174.145.14 6725 10.0.16.4 22
# environment
PATH = /home/n7utb/.vscode-server/bin/57fd6d0195bb9b9d1b49f6da5db789060795de47/bin/remote-cli:/home/n7utb/.local/bin:/home/n7utb/.cargo/bin:/usr/local/sbin:/usr/local/bin:/usr/sbin:/usr/bin:/sbin:/bin:/usr/games:/usr/local/games:/snap/bin
# makefile (from 'makefile', line 2)
YACC = yacc -d
# environment
XDG_RUNTIME_DIR = /run/user/1002
# environment
VSCODE_LOG_STACK = false
# environment
VSCODE_IPC_HOOK_CLI = /run/user/1002/vscode-ipc-e7828668-b549-4597-be43-ad4c18eb6478.sock
# default
.FEATURES := target-specific order-only second-expansion else-if shortest-stem undefine oneshell archives jobserver output-sync check-symlink load
# environment
LS_COLORS = 
# automatic
%F = $(notdir $%)
# environment
VSCODE_PIPE_LOGGING = true
# environment
PWD = /home/n7utb/perpetual-motion-machine/template
# default
.LOADED := 
# automatic
*D = $(patsubst %/,%,$(dir $*))
# environment
HISTTIMEFORMAT = %F %T 
# environment
VSCODE_AMD_ENTRYPOINT = vs/workbench/api/node/extensionHostProcess
# environment
HOME = /home/n7utb
# environment
LESSCLOSE = /usr/bin/lesspipe %s %s
# environment
LOGNAME = n7utb
# environment
APPLICATION_INSIGHTS_NO_DIAGNOSTIC_CHANNEL = true
# automatic
+F = $(notdir $+)
# environment
VSCODE_HANDLES_UNCAUGHT_ERRORS = true
# automatic
^D = $(patsubst %/,%,$(dir $^))
# environment
MAKELEVEL := 0
# default
MAKE = $(MAKE_COMMAND)
# default
MAKECMDGOALS := all
# environment
SHLVL = 1
# environment
XDG_SESSION_ID = 25511
# environment
USER = n7utb
# makefile
.DEFAULT_GOAL := maggot
# automatic
%D = $(patsubst %/,%,$(dir $%))
# default
MAKE_COMMAND := make
# default
.VARIABLES := 
# automatic
*F = $(notdir $*)
# environment
LANGUAGE = en_US.utf8:
# makefile (from 'makefile', line 1)
LEX = lex
# makefile
MAKEFLAGS = pqrR
# environment
MFLAGS = -pqrR
# environment
SSH_CLIENT = 39.174.145.14 6725 22
# automatic
+D = $(patsubst %/,%,$(dir $+))
# environment
BROWSER = /home/n7utb/.vscode-server/bin/57fd6d0195bb9b9d1b49f6da5db789060795de47/bin/helpers/browser.sh
# environment
VSCODE_HANDLES_SIGPIPE = true
# default
MAKEFILES := 
# environment
PROMPT_COMMAND = history -a; 
# automatic
<F = $(notdir $<)
# makefile (from 'makefile', line 4)
CXX = g++
# environment
LC_ALL = C
# makefile (from 'makefile', line 5)
INCLUDEDIR = include/
# automatic
^F = $(notdir $^)
# default
SUFFIXES := 
# environment
HISTSIZE = 1000
# default
.INCLUDE_DIRS = /usr/include /usr/local/include /usr/include
# default
.RECIPEPREFIX := 
# default
MAKE_HOST := x86_64-pc-linux-gnu
# environment
LANG = C
# environment
VSCODE_EXTHOST_WILL_SEND_SOCKET = true
# environment
MOTD_SHOWN = pam
# variable set hash-table stats:
# Load=79/1024=8%, Rehash=0, Collisions=11/105=10%

# Pattern-specific Variable Values

# No pattern-specific variable values.

# Directories

# . (device 64514, inode 1693333): 7 files, no impossibilities.
# src (device 64514, inode 1693341): No files, no impossibilities so far.

# 7 files, no impossibilities in 2 directories.

# Implicit Rules

src/%.o: src/%.cpp
#  recipe to execute (from 'makefile', line 18):
	$(CXX) $(CXXFLAGS) -c $^ -o $@

# 1 implicit rules, 0 (0.0%) terminal.

# Files

maggot: src/main.o src/utils.o src/y.tab.o src/lex.yy.o
#  Implicit rule search has not been done.
#  Modification time never checked.
#  File has not been updated.
#  recipe to execute (from 'makefile', line 16):
	$(CXX) $(CXXFLAGS) $(OBJS) -o $@

# Not a target:
all:
#  Command line target.
#  Implicit rule search has been done.
#  File does not exist.
#  File has not been updated.

# Not a target:
src/main.o:
#  Implicit rule search has not been done.
#  Modification time never checked.
#  File has not been updated.

src/y.tab.o: src/y.tab.c
#  Implicit rule search has not been done.
#  Modification time never checked.
#  File has not been updated.
#  recipe to execute (from 'makefile', line 22):
	$(CXX) $(CXXFLAGS) -c $^ -o $@

# Not a target:
makefile:
#  Implicit rule search has been done.
#  Last modified 2022-05-09 15:40:57.91307662
#  File has been updated.
#  Successfully updated.

# Not a target:
src/maggot.l:
#  Implicit rule search has not been done.
#  Modification time never checked.
#  File has not been updated.

src/lex.yy.o: src/lex.yy.c
#  Implicit rule search has not been done.
#  Modification time never checked.
#  File has not been updated.
#  recipe to execute (from 'makefile', line 20):
	$(CXX) $(CXXFLAGS) -c $^ -o $@

# Not a target:
src/utils.o:
#  Implicit rule search has not been done.
#  Modification time never checked.
#  File has not been updated.

# Not a target:
.DEFAULT:
#  Implicit rule search has not been done.
#  Modification time never checked.
#  File has not been updated.

src/y.tab.c: src/maggot.ypp
#  Implicit rule search has not been done.
#  Modification time never checked.
#  File has not been updated.
#  recipe to execute (from 'makefile', line 26):
	$(YACC) $^ -v -o src/y.tab.c

# Not a target:
src/maggot.ypp:
#  Implicit rule search has not been done.
#  Modification time never checked.
#  File has not been updated.

clean:
#  Implicit rule search has not been done.
#  Modification time never checked.
#  File has not been updated.
#  recipe to execute (from 'makefile', line 31):
	rm -rf $(OBJS) src/y.tab.c src/y.tab.h src/lex.yy.c maggot src/y.output

src/y.tab.h: src/maggot.ypp
#  Implicit rule search has not been done.
#  Modification time never checked.
#  File has not been updated.
#  recipe to execute (from 'makefile', line 26):
	$(YACC) $^ -v -o src/y.tab.c

src/lex.yy.c: src/maggot.l
#  Implicit rule search has not been done.
#  Modification time never checked.
#  File has not been updated.
#  recipe to execute (from 'makefile', line 24):
	$(LEX) --outfile=$@ $^ 

# files hash-table stats:
# Load=15/1024=1%, Rehash=0, Collisions=0/37=0%
# VPATH Search Paths

# No 'vpath' search paths.

# No general ('VPATH' variable) search path.
 

# strcache buffers: 1 (0) / strings = 25 / storage = 238 B / avg = 9 B
# current buf: size = 8162 B / used = 238 B / count = 25 / avg = 9 B

# strcache performance: lookups = 41 / hit rate = 39%
# hash-table stats:
# Load=25/8192=0%, Rehash=0, Collisions=1/41=2%
# Finished Make data base on Wed May 11 13:16:24 2022

 
